<?xml version="1.0" encoding="UTF-8"?>
<testsuite name="org.nat.phonebook.HomePageTests" tests="1" skipped="0" failures="0" errors="0" timestamp="2025-03-20T19:44:38" hostname="NATALI" time="0.028">
  <properties/>
  <testcase name="isHomeComponentPresentTest" classname="org.nat.phonebook.HomePageTests" time="0.028"/>
  <system-out><![CDATA[20:44:27.881 [Test worker] INFO  org.nat.phonebook.TestBase -- Start test isHomeComponentPresentTest with data: []
20:44:38.159 [Test worker] INFO  org.nat.phonebook.TestBase -- PASSED: isHomeComponentPresentTest
20:44:38.160 [Test worker] INFO  org.nat.phonebook.TestBase -- Stop test
20:44:38.160 [Test worker] ERROR org.nat.phonebook.TestBase -- *****************************
]]></system-out>
  <system-err><![CDATA[]]></system-err>
</testsuite>
