<?xml version="1.0" encoding="UTF-8"?>
<testsuite name="org.nat.phonebook.AddContactTests" tests="9" skipped="0" failures="0" errors="0" timestamp="2025-03-20T19:42:27" hostname="NATALI" time="108.769">
  <properties/>
  <testcase name="addContactPositiveTest" classname="org.nat.phonebook.AddContactTests" time="2.148"/>
  <testcase name="addContactPositiveTestFromDataProvider[0](Oliver, Kann, 1234567890, k@g.com, Berlin, actor)" classname="org.nat.phonebook.AddContactTests" time="1.639"/>
  <testcase name="addContactPositiveTestFromDataProvider[1](Oliver1, Kann, 1234567880, k@g.com, Berlin, actor)" classname="org.nat.phonebook.AddContactTests" time="1.59"/>
  <testcase name="addContactPositiveTestFromDataProvider[2](Oliver2, Kann, 1234567870, k@g.com, Berlin, actor)" classname="org.nat.phonebook.AddContactTests" time="1.802"/>
  <testcase name="addContactPositiveTestFromDataProviderWithCSV[0](Contact{name='Le', phone='1234567899'})" classname="org.nat.phonebook.AddContactTests" time="1.575"/>
  <testcase name="addContactPositiveTestFromDataProviderWithCSV[1](Contact{name='Manuelllllllllll', phone='1234567899'})" classname="org.nat.phonebook.AddContactTests" time="1.643"/>
  <testcase name="addContactPositiveTestFromDataProviderWithCSV[2](Contact{name='Manuel-le', phone='1234567899'})" classname="org.nat.phonebook.AddContactTests" time="1.876"/>
  <testcase name="addContactPositiveTestFromDataProviderWithCSV[3](Contact{name='Manuel-Le', phone='1234567899'})" classname="org.nat.phonebook.AddContactTests" time="1.658"/>
  <testcase name="addContactPositiveTestFromDataProviderWithCSV[4](Contact{name='Manuel', phone='1234567899'})" classname="org.nat.phonebook.AddContactTests" time="1.551"/>
  <system-out><![CDATA[20:42:25.702 [Test worker] INFO  org.nat.phonebook.TestBase -- Start test addContactPositiveTest with data: []
20:42:29.932 [Test worker] INFO  org.nat.phonebook.TestBase -- PASSED: addContactPositiveTest
20:42:29.933 [Test worker] INFO  org.nat.phonebook.TestBase -- Stop test
20:42:29.934 [Test worker] ERROR org.nat.phonebook.TestBase -- *****************************
20:42:29.954 [Test worker] INFO  org.nat.phonebook.TestBase -- Start test addContactPositiveTestFromDataProvider with data: [Oliver, Kann, 1234567890, k@g.com, Berlin, actor]
20:42:43.297 [Test worker] INFO  org.nat.phonebook.TestBase -- PASSED: addContactPositiveTestFromDataProvider
20:42:43.298 [Test worker] INFO  org.nat.phonebook.TestBase -- Stop test
20:42:43.298 [Test worker] ERROR org.nat.phonebook.TestBase -- *****************************
20:42:43.307 [Test worker] INFO  org.nat.phonebook.TestBase -- Start test addContactPositiveTestFromDataProvider with data: [Oliver1, Kann, 1234567880, k@g.com, Berlin, actor]
20:42:56.723 [Test worker] INFO  org.nat.phonebook.TestBase -- PASSED: addContactPositiveTestFromDataProvider
20:42:56.723 [Test worker] INFO  org.nat.phonebook.TestBase -- Stop test
20:42:56.723 [Test worker] ERROR org.nat.phonebook.TestBase -- *****************************
20:42:56.735 [Test worker] INFO  org.nat.phonebook.TestBase -- Start test addContactPositiveTestFromDataProvider with data: [Oliver2, Kann, 1234567870, k@g.com, Berlin, actor]
20:43:10.175 [Test worker] INFO  org.nat.phonebook.TestBase -- PASSED: addContactPositiveTestFromDataProvider
20:43:10.175 [Test worker] INFO  org.nat.phonebook.TestBase -- Stop test
20:43:10.175 [Test worker] ERROR org.nat.phonebook.TestBase -- *****************************
20:43:10.186 [Test worker] INFO  org.nat.phonebook.TestBase -- Start test addContactPositiveTestFromDataProviderWithCSV with data: [Contact{name='Le', phone='1234567899'}]
20:43:23.351 [Test worker] INFO  org.nat.phonebook.TestBase -- PASSED: addContactPositiveTestFromDataProviderWithCSV
20:43:23.352 [Test worker] INFO  org.nat.phonebook.TestBase -- Stop test
20:43:23.352 [Test worker] ERROR org.nat.phonebook.TestBase -- *****************************
20:43:23.354 [Test worker] INFO  org.nat.phonebook.TestBase -- Start test addContactPositiveTestFromDataProviderWithCSV with data: [Contact{name='Manuelllllllllll', phone='1234567899'}]
20:43:36.716 [Test worker] INFO  org.nat.phonebook.TestBase -- PASSED: addContactPositiveTestFromDataProviderWithCSV
20:43:36.716 [Test worker] INFO  org.nat.phonebook.TestBase -- Stop test
20:43:36.717 [Test worker] ERROR org.nat.phonebook.TestBase -- *****************************
20:43:36.718 [Test worker] INFO  org.nat.phonebook.TestBase -- Start test addContactPositiveTestFromDataProviderWithCSV with data: [Contact{name='Manuel-le', phone='1234567899'}]
20:43:50.153 [Test worker] INFO  org.nat.phonebook.TestBase -- PASSED: addContactPositiveTestFromDataProviderWithCSV
20:43:50.153 [Test worker] INFO  org.nat.phonebook.TestBase -- Stop test
20:43:50.153 [Test worker] ERROR org.nat.phonebook.TestBase -- *****************************
20:43:50.155 [Test worker] INFO  org.nat.phonebook.TestBase -- Start test addContactPositiveTestFromDataProviderWithCSV with data: [Contact{name='Manuel-Le', phone='1234567899'}]
20:44:03.380 [Test worker] INFO  org.nat.phonebook.TestBase -- PASSED: addContactPositiveTestFromDataProviderWithCSV
20:44:03.382 [Test worker] INFO  org.nat.phonebook.TestBase -- Stop test
20:44:03.383 [Test worker] ERROR org.nat.phonebook.TestBase -- *****************************
20:44:03.385 [Test worker] INFO  org.nat.phonebook.TestBase -- Start test addContactPositiveTestFromDataProviderWithCSV with data: [Contact{name='Manuel', phone='1234567899'}]
20:44:16.514 [Test worker] INFO  org.nat.phonebook.TestBase -- PASSED: addContactPositiveTestFromDataProviderWithCSV
20:44:16.515 [Test worker] INFO  org.nat.phonebook.TestBase -- Stop test
20:44:16.515 [Test worker] ERROR org.nat.phonebook.TestBase -- *****************************
]]></system-out>
  <system-err><![CDATA[]]></system-err>
</testsuite>
